[INFO ] 05-08-2022 12:06:00.160 verifyLogInpageISdisplayed - Survey monkey application is opened
[INFO ] 05-08-2022 12:06:16.469 verifyLogInpageISdisplayed - Survey monkey Application is closed
[INFO ] 05-08-2022 10:35:07.709 verifySignupfreeButton - Survey monkey application is opened
[INFO ] 05-08-2022 10:35:07.820 verifySignupfreeButton - SignUp free Button is Displayed
[INFO ] 05-08-2022 10:35:11.999 verifySignupfreeButton - Survey monkey Application is closed
[INFO ] 05-08-2022 10:35:14.472 verifyLogInpageISdisplayed - Survey monkey application is opened
[INFO ] 05-08-2022 10:35:28.371 verifyLogInpageISdisplayed - Survey Monkey login page is  Opened
[INFO ] 05-08-2022 10:35:28.466 verifyLogInpageISdisplayed - Survey monkey Application is closed
[INFO ] 05-08-2022 10:35:31.074 verifyuserLoginTest - Survey monkey application is opened
[INFO ] 05-08-2022 10:35:54.994 verifyuserLoginTest - Survey monkey Application is closed
[INFO ] 05-08-2022 06:49:56.877 verifySignupfreeButton - Survey monkey application is opened
[INFO ] 05-08-2022 06:49:57.344 verifySignupfreeButton - SignUp free Button is Displayed
[INFO ] 05-08-2022 06:49:57.567 verifySignupfreeButton - Survey monkey Application is closed
[INFO ] 05-08-2022 06:50:02.371 verifyLogInpageISdisplayed - Survey monkey application is opened
[INFO ] 05-08-2022 06:50:19.484 verifyLogInpageISdisplayed - Survey Monkey login page is  Opened
[INFO ] 05-08-2022 06:50:19.654 verifyLogInpageISdisplayed - Survey monkey Application is closed
[INFO ] 05-08-2022 06:50:23.909 verifyuserLoginTest - Survey monkey application is opened
[INFO ] 05-08-2022 06:50:50.421 verifyuserLoginTest - Survey monkey Application is closed
[INFO ] 05-08-2022 08:15:59.495 verifySignupfreeButton - Survey monkey application is opened
[INFO ] 05-08-2022 08:15:59.893 verifySignupfreeButton - SignUp free Button is Displayed
[INFO ] 05-08-2022 08:16:00.127 verifySignupfreeButton - Survey monkey Application is closed
[INFO ] 05-08-2022 08:16:04.090 verifyLogInpageISdisplayed - Survey monkey application is opened
[INFO ] 05-08-2022 08:16:20.323 verifyLogInpageISdisplayed - Survey Monkey login page is  Opened
[INFO ] 05-08-2022 08:16:20.481 verifyLogInpageISdisplayed - Survey monkey Application is closed
[INFO ] 05-08-2022 08:16:24.470 verifyuserLoginTest - Survey monkey application is opened
[INFO ] 05-08-2022 08:16:53.776 verifyuserLoginTest - Survey monkey Application is closed
[INFO ] 05-08-2022 09:17:00.242 verifySignupfreeButton - Survey monkey application is opened
[INFO ] 05-08-2022 09:17:00.629 verifySignupfreeButton - SignUp free Button is Displayed
[INFO ] 05-08-2022 09:17:00.854 verifySignupfreeButton - Survey monkey Application is closed
[INFO ] 05-08-2022 09:17:05.049 verifyLogInpageISdisplayed - Survey monkey application is opened
[INFO ] 05-08-2022 09:17:21.501 verifyLogInpageISdisplayed - Survey Monkey login page is  Opened
[INFO ] 05-08-2022 09:17:21.661 verifyLogInpageISdisplayed - Survey monkey Application is closed
[INFO ] 05-08-2022 09:17:25.769 verifyuserLoginTest - Survey monkey application is opened
[INFO ] 05-08-2022 09:17:51.991 verifyuserLoginTest - Survey monkey Application is closed
[INFO ] 06-08-2022 04:20:05.923 verifySignupfreeButton - Survey monkey application is opened
[INFO ] 06-08-2022 04:20:07.214 verifySignupfreeButton - Screenshot captured successfully
[INFO ] 06-08-2022 04:20:07.217 verifySignupfreeButton - SignUp free Button is Displayed
[INFO ] 06-08-2022 04:20:07.414 verifySignupfreeButton - Survey monkey Application is closed
[INFO ] 06-08-2022 04:20:11.287 verifyLogInpageISdisplayed - Survey monkey application is opened
[INFO ] 06-08-2022 04:20:16.288 verifyLogInpageISdisplayed - Screenshot captured successfully
[INFO ] 06-08-2022 04:20:16.456 verifyLogInpageISdisplayed - Survey monkey Application is closed
[INFO ] 06-08-2022 04:20:20.304 verifyuserLoginTest - Survey monkey application is opened
[INFO ] 06-08-2022 04:20:35.385 verifyuserLoginTest - Survey monkey Application is closed
